<?xml version="1.0" encoding="UTF-8"?>
<testng-results skipped="0" failed="0" total="1" passed="1">
  <reporter-output>
  </reporter-output>
  <suite name="Tests" duration-ms="11922" started-at="2014-07-27T16:55:56Z" finished-at="2014-07-27T16:56:08Z">
    <groups>
    </groups>
    <test name="Test1" duration-ms="11922" started-at="2014-07-27T16:55:56Z" finished-at="2014-07-27T16:56:08Z">
      <class name="ru.st.selenium.LoginTest">
        <test-method status="PASS" signature="init()[pri:0, instance:ru.st.selenium.LoginTest@1e2d3cd]" name="init" is-config="true" duration-ms="7781" started-at="2014-07-27T20:55:56Z" finished-at="2014-07-27T20:56:04Z">
          <reporter-output>
          </reporter-output>
        </test-method> <!-- init -->
        <test-method status="PASS" signature="testUntitled()[pri:0, instance:ru.st.selenium.LoginTest@1e2d3cd]" name="testUntitled" duration-ms="4125" started-at="2014-07-27T20:56:04Z" finished-at="2014-07-27T20:56:08Z">
          <reporter-output>
          </reporter-output>
        </test-method> <!-- testUntitled -->
        <test-method status="PASS" signature="tearDown()[pri:0, instance:ru.st.selenium.LoginTest@1e2d3cd]" name="tearDown" is-config="true" duration-ms="329" started-at="2014-07-27T20:56:08Z" finished-at="2014-07-27T20:56:09Z">
          <reporter-output>
          </reporter-output>
        </test-method> <!-- tearDown -->
      </class> <!-- ru.st.selenium.LoginTest -->
    </test> <!-- Test1 -->
  </suite> <!-- Tests -->
</testng-results>
